<?xml version="1.0" encoding="UTF-8"?>
<testsuite xmlns:xsi="http://www.w3.org/2001/XMLSchema-instance" xsi:noNamespaceSchemaLocation="https://maven.apache.org/surefire/maven-surefire-plugin/xsd/surefire-test-report.xsd" name="com.xxx.AppTest" time="0.118" tests="1" errors="0" skipped="0" failures="0">
  <properties>
    <property name="java.specification.version" value="18"/>
    <property name="sun.cpu.isalist" value="amd64"/>
    <property name="sun.jnu.encoding" value="GBK"/>
    <property name="java.class.path" value="C:\Users\Zy1997\Desktop\yeb\yeb-server\target\test-classes;C:\Users\Zy1997\Desktop\yeb\yeb-server\target\classes;D:\Maven\localRepository\org\springframework\boot\spring-boot-starter-amqp\2.4.5\spring-boot-starter-amqp-2.4.5.jar;D:\Maven\localRepository\org\springframework\boot\spring-boot-starter\2.4.5\spring-boot-starter-2.4.5.jar;D:\Maven\localRepository\org\springframework\boot\spring-boot\2.4.5\spring-boot-2.4.5.jar;D:\Maven\localRepository\org\springframework\boot\spring-boot-starter-logging\2.4.5\spring-boot-starter-logging-2.4.5.jar;D:\Maven\localRepository\ch\qos\logback\logback-classic\1.2.3\logback-classic-1.2.3.jar;D:\Maven\localRepository\ch\qos\logback\logback-core\1.2.3\logback-core-1.2.3.jar;D:\Maven\localRepository\org\apache\logging\log4j\log4j-to-slf4j\2.13.3\log4j-to-slf4j-2.13.3.jar;D:\Maven\localRepository\org\apache\logging\log4j\log4j-api\2.13.3\log4j-api-2.13.3.jar;D:\Maven\localRepository\org\slf4j\jul-to-slf4j\1.7.30\jul-to-slf4j-1.7.30.jar;D:\Maven\localRepository\jakarta\annotation\jakarta.annotation-api\1.3.5\jakarta.annotation-api-1.3.5.jar;D:\Maven\localRepository\org\springframework\spring-core\5.3.6\spring-core-5.3.6.jar;D:\Maven\localRepository\org\springframework\spring-jcl\5.3.6\spring-jcl-5.3.6.jar;D:\Maven\localRepository\org\yaml\snakeyaml\1.27\snakeyaml-1.27.jar;D:\Maven\localRepository\org\springframework\spring-messaging\5.3.6\spring-messaging-5.3.6.jar;D:\Maven\localRepository\org\springframework\spring-beans\5.3.6\spring-beans-5.3.6.jar;D:\Maven\localRepository\org\springframework\amqp\spring-rabbit\2.3.6\spring-rabbit-2.3.6.jar;D:\Maven\localRepository\org\springframework\amqp\spring-amqp\2.3.6\spring-amqp-2.3.6.jar;D:\Maven\localRepository\org\springframework\retry\spring-retry\1.3.1\spring-retry-1.3.1.jar;D:\Maven\localRepository\javax\annotation\javax.annotation-api\1.3.2\javax.annotation-api-1.3.2.jar;D:\Maven\localRepository\com\rabbitmq\amqp-client\5.10.0\amqp-client-5.10.0.jar;D:\Maven\localRepository\org\springframework\spring-context\5.3.6\spring-context-5.3.6.jar;D:\Maven\localRepository\org\springframework\spring-tx\5.3.6\spring-tx-5.3.6.jar;D:\Maven\localRepository\org\springframework\boot\spring-boot-starter-web\2.4.5\spring-boot-starter-web-2.4.5.jar;D:\Maven\localRepository\org\springframework\boot\spring-boot-starter-json\2.4.5\spring-boot-starter-json-2.4.5.jar;D:\Maven\localRepository\com\fasterxml\jackson\datatype\jackson-datatype-jdk8\2.11.4\jackson-datatype-jdk8-2.11.4.jar;D:\Maven\localRepository\com\fasterxml\jackson\datatype\jackson-datatype-jsr310\2.11.4\jackson-datatype-jsr310-2.11.4.jar;D:\Maven\localRepository\com\fasterxml\jackson\module\jackson-module-parameter-names\2.11.4\jackson-module-parameter-names-2.11.4.jar;D:\Maven\localRepository\org\springframework\boot\spring-boot-starter-tomcat\2.4.5\spring-boot-starter-tomcat-2.4.5.jar;D:\Maven\localRepository\org\apache\tomcat\embed\tomcat-embed-core\9.0.45\tomcat-embed-core-9.0.45.jar;D:\Maven\localRepository\org\glassfish\jakarta.el\3.0.3\jakarta.el-3.0.3.jar;D:\Maven\localRepository\org\apache\tomcat\embed\tomcat-embed-websocket\9.0.45\tomcat-embed-websocket-9.0.45.jar;D:\Maven\localRepository\org\springframework\spring-web\5.3.6\spring-web-5.3.6.jar;D:\Maven\localRepository\org\springframework\spring-webmvc\5.3.6\spring-webmvc-5.3.6.jar;D:\Maven\localRepository\org\springframework\spring-expression\5.3.6\spring-expression-5.3.6.jar;D:\Maven\localRepository\org\projectlombok\lombok\1.18.20\lombok-1.18.20.jar;D:\Maven\localRepository\mysql\mysql-connector-java\8.0.23\mysql-connector-java-8.0.23.jar;D:\Maven\localRepository\com\baomidou\mybatis-plus-boot-starter\3.3.1.tmp\mybatis-plus-boot-starter-3.3.1.tmp.jar;D:\Maven\localRepository\com\baomidou\mybatis-plus\3.3.1.tmp\mybatis-plus-3.3.1.tmp.jar;D:\Maven\localRepository\com\baomidou\mybatis-plus-extension\3.3.1.tmp\mybatis-plus-extension-3.3.1.tmp.jar;D:\Maven\localRepository\com\baomidou\mybatis-plus-core\3.3.1.tmp\mybatis-plus-core-3.3.1.tmp.jar;D:\Maven\localRepository\com\baomidou\mybatis-plus-annotation\3.3.1.tmp\mybatis-plus-annotation-3.3.1.tmp.jar;D:\Maven\localRepository\com\github\jsqlparser\jsqlparser\3.1\jsqlparser-3.1.jar;D:\Maven\localRepository\org\mybatis\mybatis\3.5.3\mybatis-3.5.3.jar;D:\Maven\localRepository\org\mybatis\mybatis-spring\2.0.3\mybatis-spring-2.0.3.jar;D:\Maven\localRepository\org\springframework\boot\spring-boot-autoconfigure\2.4.5\spring-boot-autoconfigure-2.4.5.jar;D:\Maven\localRepository\org\springframework\boot\spring-boot-starter-jdbc\2.4.5\spring-boot-starter-jdbc-2.4.5.jar;D:\Maven\localRepository\com\zaxxer\HikariCP\3.4.5\HikariCP-3.4.5.jar;D:\Maven\localRepository\org\springframework\spring-jdbc\5.3.6\spring-jdbc-5.3.6.jar;D:\Maven\localRepository\com\github\xiaoymin\swagger-bootstrap-ui\1.9.6\swagger-bootstrap-ui-1.9.6.jar;D:\Maven\localRepository\org\javassist\javassist\3.25.0-GA\javassist-3.25.0-GA.jar;D:\Maven\localRepository\io\springfox\springfox-swagger2\2.7.0\springfox-swagger2-2.7.0.jar;D:\Maven\localRepository\io\swagger\swagger-annotations\1.5.13\swagger-annotations-1.5.13.jar;D:\Maven\localRepository\io\swagger\swagger-models\1.5.13\swagger-models-1.5.13.jar;D:\Maven\localRepository\com\fasterxml\jackson\core\jackson-annotations\2.11.4\jackson-annotations-2.11.4.jar;D:\Maven\localRepository\io\springfox\springfox-spi\2.7.0\springfox-spi-2.7.0.jar;D:\Maven\localRepository\io\springfox\springfox-core\2.7.0\springfox-core-2.7.0.jar;D:\Maven\localRepository\net\bytebuddy\byte-buddy\1.10.22\byte-buddy-1.10.22.jar;D:\Maven\localRepository\io\springfox\springfox-schema\2.7.0\springfox-schema-2.7.0.jar;D:\Maven\localRepository\io\springfox\springfox-swagger-common\2.7.0\springfox-swagger-common-2.7.0.jar;D:\Maven\localRepository\io\springfox\springfox-spring-web\2.7.0\springfox-spring-web-2.7.0.jar;D:\Maven\localRepository\org\reflections\reflections\0.9.11\reflections-0.9.11.jar;D:\Maven\localRepository\com\google\guava\guava\18.0\guava-18.0.jar;D:\Maven\localRepository\com\fasterxml\classmate\1.5.1\classmate-1.5.1.jar;D:\Maven\localRepository\org\slf4j\slf4j-api\1.7.30\slf4j-api-1.7.30.jar;D:\Maven\localRepository\org\springframework\plugin\spring-plugin-core\1.2.0.RELEASE\spring-plugin-core-1.2.0.RELEASE.jar;D:\Maven\localRepository\org\springframework\plugin\spring-plugin-metadata\1.2.0.RELEASE\spring-plugin-metadata-1.2.0.RELEASE.jar;D:\Maven\localRepository\org\mapstruct\mapstruct\1.1.0.Final\mapstruct-1.1.0.Final.jar;D:\Maven\localRepository\org\springframework\boot\spring-boot-starter-security\2.4.5\spring-boot-starter-security-2.4.5.jar;D:\Maven\localRepository\org\springframework\spring-aop\5.3.6\spring-aop-5.3.6.jar;D:\Maven\localRepository\org\springframework\security\spring-security-config\5.4.6\spring-security-config-5.4.6.jar;D:\Maven\localRepository\org\springframework\security\spring-security-core\5.4.6\spring-security-core-5.4.6.jar;D:\Maven\localRepository\org\springframework\security\spring-security-web\5.4.6\spring-security-web-5.4.6.jar;D:\Maven\localRepository\io\jsonwebtoken\jjwt\0.9.0\jjwt-0.9.0.jar;D:\Maven\localRepository\com\fasterxml\jackson\core\jackson-databind\2.11.4\jackson-databind-2.11.4.jar;D:\Maven\localRepository\com\fasterxml\jackson\core\jackson-core\2.11.4\jackson-core-2.11.4.jar;D:\Maven\localRepository\junit\junit\4.13.2\junit-4.13.2.jar;D:\Maven\localRepository\org\hamcrest\hamcrest-core\2.2\hamcrest-core-2.2.jar;D:\Maven\localRepository\org\hamcrest\hamcrest\2.2\hamcrest-2.2.jar;D:\Maven\localRepository\com\github\axet\kaptcha\0.0.9\kaptcha-0.0.9.jar;D:\Maven\localRepository\com\jhlabs\filters\2.0.235\filters-2.0.235.jar;D:\Maven\localRepository\org\springframework\boot\spring-boot-starter-data-redis\2.4.5\spring-boot-starter-data-redis-2.4.5.jar;D:\Maven\localRepository\org\springframework\data\spring-data-redis\2.4.8\spring-data-redis-2.4.8.jar;D:\Maven\localRepository\org\springframework\data\spring-data-keyvalue\2.4.8\spring-data-keyvalue-2.4.8.jar;D:\Maven\localRepository\org\springframework\data\spring-data-commons\2.4.8\spring-data-commons-2.4.8.jar;D:\Maven\localRepository\org\springframework\spring-oxm\5.3.6\spring-oxm-5.3.6.jar;D:\Maven\localRepository\org\springframework\spring-context-support\5.3.6\spring-context-support-5.3.6.jar;D:\Maven\localRepository\io\lettuce\lettuce-core\6.0.4.RELEASE\lettuce-core-6.0.4.RELEASE.jar;D:\Maven\localRepository\io\netty\netty-common\4.1.63.Final\netty-common-4.1.63.Final.jar;D:\Maven\localRepository\io\netty\netty-handler\4.1.63.Final\netty-handler-4.1.63.Final.jar;D:\Maven\localRepository\io\netty\netty-resolver\4.1.63.Final\netty-resolver-4.1.63.Final.jar;D:\Maven\localRepository\io\netty\netty-buffer\4.1.63.Final\netty-buffer-4.1.63.Final.jar;D:\Maven\localRepository\io\netty\netty-codec\4.1.63.Final\netty-codec-4.1.63.Final.jar;D:\Maven\localRepository\io\netty\netty-transport\4.1.63.Final\netty-transport-4.1.63.Final.jar;D:\Maven\localRepository\io\projectreactor\reactor-core\3.4.5\reactor-core-3.4.5.jar;D:\Maven\localRepository\org\reactivestreams\reactive-streams\1.0.3\reactive-streams-1.0.3.jar;D:\Maven\localRepository\org\apache\commons\commons-pool2\2.9.0\commons-pool2-2.9.0.jar;D:\Maven\localRepository\org\apache\commons\commons-lang3\3.11\commons-lang3-3.11.jar;D:\Maven\localRepository\cn\afterturn\easypoi-spring-boot-starter\4.1.3\easypoi-spring-boot-starter-4.1.3.jar;D:\Maven\localRepository\cn\afterturn\easypoi-web\4.1.3\easypoi-web-4.1.3.jar;D:\Maven\localRepository\cn\afterturn\easypoi-base\4.1.3\easypoi-base-4.1.3.jar;D:\Maven\localRepository\org\apache\poi\poi\4.1.0\poi-4.1.0.jar;D:\Maven\localRepository\commons-codec\commons-codec\1.15\commons-codec-1.15.jar;D:\Maven\localRepository\org\apache\commons\commons-collections4\4.3\commons-collections4-4.3.jar;D:\Maven\localRepository\org\apache\commons\commons-math3\3.6.1\commons-math3-3.6.1.jar;D:\Maven\localRepository\org\apache\poi\poi-ooxml\4.1.0\poi-ooxml-4.1.0.jar;D:\Maven\localRepository\org\apache\commons\commons-compress\1.18\commons-compress-1.18.jar;D:\Maven\localRepository\com\github\virtuald\curvesapi\1.06\curvesapi-1.06.jar;D:\Maven\localRepository\org\apache\poi\poi-ooxml-schemas\4.1.0\poi-ooxml-schemas-4.1.0.jar;D:\Maven\localRepository\org\apache\xmlbeans\xmlbeans\3.1.0\xmlbeans-3.1.0.jar;D:\Maven\localRepository\ognl\ognl\3.2.6\ognl-3.2.6.jar;D:\Maven\localRepository\javax\validation\validation-api\2.0.1.Final\validation-api-2.0.1.Final.jar;D:\Maven\localRepository\cn\afterturn\easypoi-annotation\4.1.3\easypoi-annotation-4.1.3.jar;"/>
    <property name="java.vm.vendor" value="Oracle Corporation"/>
    <property name="sun.arch.data.model" value="64"/>
    <property name="user.variant" value=""/>
    <property name="java.vendor.url" value="https://java.oracle.com/"/>
    <property name="user.timezone" value="Asia/Shanghai"/>
    <property name="os.name" value="Windows 10"/>
    <property name="java.vm.specification.version" value="18"/>
    <property name="sun.java.launcher" value="SUN_STANDARD"/>
    <property name="user.country" value="CN"/>
    <property name="sun.boot.library.path" value="C:\Program Files\Java\jdk1.8\bin"/>
    <property name="sun.java.command" value="C:\Users\Zy1997\AppData\Local\Temp\surefire2529841828299379954\surefirebooter3272646584070411026.jar C:\Users\Zy1997\AppData\Local\Temp\surefire2529841828299379954 2023-03-02T22-17-05_279-jvmRun1 surefire9749839979120537474tmp surefire_038032765778231986tmp"/>
    <property name="jdk.debug" value="release"/>
    <property name="surefire.test.class.path" value="C:\Users\Zy1997\Desktop\yeb\yeb-server\target\test-classes;C:\Users\Zy1997\Desktop\yeb\yeb-server\target\classes;D:\Maven\localRepository\org\springframework\boot\spring-boot-starter-amqp\2.4.5\spring-boot-starter-amqp-2.4.5.jar;D:\Maven\localRepository\org\springframework\boot\spring-boot-starter\2.4.5\spring-boot-starter-2.4.5.jar;D:\Maven\localRepository\org\springframework\boot\spring-boot\2.4.5\spring-boot-2.4.5.jar;D:\Maven\localRepository\org\springframework\boot\spring-boot-starter-logging\2.4.5\spring-boot-starter-logging-2.4.5.jar;D:\Maven\localRepository\ch\qos\logback\logback-classic\1.2.3\logback-classic-1.2.3.jar;D:\Maven\localRepository\ch\qos\logback\logback-core\1.2.3\logback-core-1.2.3.jar;D:\Maven\localRepository\org\apache\logging\log4j\log4j-to-slf4j\2.13.3\log4j-to-slf4j-2.13.3.jar;D:\Maven\localRepository\org\apache\logging\log4j\log4j-api\2.13.3\log4j-api-2.13.3.jar;D:\Maven\localRepository\org\slf4j\jul-to-slf4j\1.7.30\jul-to-slf4j-1.7.30.jar;D:\Maven\localRepository\jakarta\annotation\jakarta.annotation-api\1.3.5\jakarta.annotation-api-1.3.5.jar;D:\Maven\localRepository\org\springframework\spring-core\5.3.6\spring-core-5.3.6.jar;D:\Maven\localRepository\org\springframework\spring-jcl\5.3.6\spring-jcl-5.3.6.jar;D:\Maven\localRepository\org\yaml\snakeyaml\1.27\snakeyaml-1.27.jar;D:\Maven\localRepository\org\springframework\spring-messaging\5.3.6\spring-messaging-5.3.6.jar;D:\Maven\localRepository\org\springframework\spring-beans\5.3.6\spring-beans-5.3.6.jar;D:\Maven\localRepository\org\springframework\amqp\spring-rabbit\2.3.6\spring-rabbit-2.3.6.jar;D:\Maven\localRepository\org\springframework\amqp\spring-amqp\2.3.6\spring-amqp-2.3.6.jar;D:\Maven\localRepository\org\springframework\retry\spring-retry\1.3.1\spring-retry-1.3.1.jar;D:\Maven\localRepository\javax\annotation\javax.annotation-api\1.3.2\javax.annotation-api-1.3.2.jar;D:\Maven\localRepository\com\rabbitmq\amqp-client\5.10.0\amqp-client-5.10.0.jar;D:\Maven\localRepository\org\springframework\spring-context\5.3.6\spring-context-5.3.6.jar;D:\Maven\localRepository\org\springframework\spring-tx\5.3.6\spring-tx-5.3.6.jar;D:\Maven\localRepository\org\springframework\boot\spring-boot-starter-web\2.4.5\spring-boot-starter-web-2.4.5.jar;D:\Maven\localRepository\org\springframework\boot\spring-boot-starter-json\2.4.5\spring-boot-starter-json-2.4.5.jar;D:\Maven\localRepository\com\fasterxml\jackson\datatype\jackson-datatype-jdk8\2.11.4\jackson-datatype-jdk8-2.11.4.jar;D:\Maven\localRepository\com\fasterxml\jackson\datatype\jackson-datatype-jsr310\2.11.4\jackson-datatype-jsr310-2.11.4.jar;D:\Maven\localRepository\com\fasterxml\jackson\module\jackson-module-parameter-names\2.11.4\jackson-module-parameter-names-2.11.4.jar;D:\Maven\localRepository\org\springframework\boot\spring-boot-starter-tomcat\2.4.5\spring-boot-starter-tomcat-2.4.5.jar;D:\Maven\localRepository\org\apache\tomcat\embed\tomcat-embed-core\9.0.45\tomcat-embed-core-9.0.45.jar;D:\Maven\localRepository\org\glassfish\jakarta.el\3.0.3\jakarta.el-3.0.3.jar;D:\Maven\localRepository\org\apache\tomcat\embed\tomcat-embed-websocket\9.0.45\tomcat-embed-websocket-9.0.45.jar;D:\Maven\localRepository\org\springframework\spring-web\5.3.6\spring-web-5.3.6.jar;D:\Maven\localRepository\org\springframework\spring-webmvc\5.3.6\spring-webmvc-5.3.6.jar;D:\Maven\localRepository\org\springframework\spring-expression\5.3.6\spring-expression-5.3.6.jar;D:\Maven\localRepository\org\projectlombok\lombok\1.18.20\lombok-1.18.20.jar;D:\Maven\localRepository\mysql\mysql-connector-java\8.0.23\mysql-connector-java-8.0.23.jar;D:\Maven\localRepository\com\baomidou\mybatis-plus-boot-starter\3.3.1.tmp\mybatis-plus-boot-starter-3.3.1.tmp.jar;D:\Maven\localRepository\com\baomidou\mybatis-plus\3.3.1.tmp\mybatis-plus-3.3.1.tmp.jar;D:\Maven\localRepository\com\baomidou\mybatis-plus-extension\3.3.1.tmp\mybatis-plus-extension-3.3.1.tmp.jar;D:\Maven\localRepository\com\baomidou\mybatis-plus-core\3.3.1.tmp\mybatis-plus-core-3.3.1.tmp.jar;D:\Maven\localRepository\com\baomidou\mybatis-plus-annotation\3.3.1.tmp\mybatis-plus-annotation-3.3.1.tmp.jar;D:\Maven\localRepository\com\github\jsqlparser\jsqlparser\3.1\jsqlparser-3.1.jar;D:\Maven\localRepository\org\mybatis\mybatis\3.5.3\mybatis-3.5.3.jar;D:\Maven\localRepository\org\mybatis\mybatis-spring\2.0.3\mybatis-spring-2.0.3.jar;D:\Maven\localRepository\org\springframework\boot\spring-boot-autoconfigure\2.4.5\spring-boot-autoconfigure-2.4.5.jar;D:\Maven\localRepository\org\springframework\boot\spring-boot-starter-jdbc\2.4.5\spring-boot-starter-jdbc-2.4.5.jar;D:\Maven\localRepository\com\zaxxer\HikariCP\3.4.5\HikariCP-3.4.5.jar;D:\Maven\localRepository\org\springframework\spring-jdbc\5.3.6\spring-jdbc-5.3.6.jar;D:\Maven\localRepository\com\github\xiaoymin\swagger-bootstrap-ui\1.9.6\swagger-bootstrap-ui-1.9.6.jar;D:\Maven\localRepository\org\javassist\javassist\3.25.0-GA\javassist-3.25.0-GA.jar;D:\Maven\localRepository\io\springfox\springfox-swagger2\2.7.0\springfox-swagger2-2.7.0.jar;D:\Maven\localRepository\io\swagger\swagger-annotations\1.5.13\swagger-annotations-1.5.13.jar;D:\Maven\localRepository\io\swagger\swagger-models\1.5.13\swagger-models-1.5.13.jar;D:\Maven\localRepository\com\fasterxml\jackson\core\jackson-annotations\2.11.4\jackson-annotations-2.11.4.jar;D:\Maven\localRepository\io\springfox\springfox-spi\2.7.0\springfox-spi-2.7.0.jar;D:\Maven\localRepository\io\springfox\springfox-core\2.7.0\springfox-core-2.7.0.jar;D:\Maven\localRepository\net\bytebuddy\byte-buddy\1.10.22\byte-buddy-1.10.22.jar;D:\Maven\localRepository\io\springfox\springfox-schema\2.7.0\springfox-schema-2.7.0.jar;D:\Maven\localRepository\io\springfox\springfox-swagger-common\2.7.0\springfox-swagger-common-2.7.0.jar;D:\Maven\localRepository\io\springfox\springfox-spring-web\2.7.0\springfox-spring-web-2.7.0.jar;D:\Maven\localRepository\org\reflections\reflections\0.9.11\reflections-0.9.11.jar;D:\Maven\localRepository\com\google\guava\guava\18.0\guava-18.0.jar;D:\Maven\localRepository\com\fasterxml\classmate\1.5.1\classmate-1.5.1.jar;D:\Maven\localRepository\org\slf4j\slf4j-api\1.7.30\slf4j-api-1.7.30.jar;D:\Maven\localRepository\org\springframework\plugin\spring-plugin-core\1.2.0.RELEASE\spring-plugin-core-1.2.0.RELEASE.jar;D:\Maven\localRepository\org\springframework\plugin\spring-plugin-metadata\1.2.0.RELEASE\spring-plugin-metadata-1.2.0.RELEASE.jar;D:\Maven\localRepository\org\mapstruct\mapstruct\1.1.0.Final\mapstruct-1.1.0.Final.jar;D:\Maven\localRepository\org\springframework\boot\spring-boot-starter-security\2.4.5\spring-boot-starter-security-2.4.5.jar;D:\Maven\localRepository\org\springframework\spring-aop\5.3.6\spring-aop-5.3.6.jar;D:\Maven\localRepository\org\springframework\security\spring-security-config\5.4.6\spring-security-config-5.4.6.jar;D:\Maven\localRepository\org\springframework\security\spring-security-core\5.4.6\spring-security-core-5.4.6.jar;D:\Maven\localRepository\org\springframework\security\spring-security-web\5.4.6\spring-security-web-5.4.6.jar;D:\Maven\localRepository\io\jsonwebtoken\jjwt\0.9.0\jjwt-0.9.0.jar;D:\Maven\localRepository\com\fasterxml\jackson\core\jackson-databind\2.11.4\jackson-databind-2.11.4.jar;D:\Maven\localRepository\com\fasterxml\jackson\core\jackson-core\2.11.4\jackson-core-2.11.4.jar;D:\Maven\localRepository\junit\junit\4.13.2\junit-4.13.2.jar;D:\Maven\localRepository\org\hamcrest\hamcrest-core\2.2\hamcrest-core-2.2.jar;D:\Maven\localRepository\org\hamcrest\hamcrest\2.2\hamcrest-2.2.jar;D:\Maven\localRepository\com\github\axet\kaptcha\0.0.9\kaptcha-0.0.9.jar;D:\Maven\localRepository\com\jhlabs\filters\2.0.235\filters-2.0.235.jar;D:\Maven\localRepository\org\springframework\boot\spring-boot-starter-data-redis\2.4.5\spring-boot-starter-data-redis-2.4.5.jar;D:\Maven\localRepository\org\springframework\data\spring-data-redis\2.4.8\spring-data-redis-2.4.8.jar;D:\Maven\localRepository\org\springframework\data\spring-data-keyvalue\2.4.8\spring-data-keyvalue-2.4.8.jar;D:\Maven\localRepository\org\springframework\data\spring-data-commons\2.4.8\spring-data-commons-2.4.8.jar;D:\Maven\localRepository\org\springframework\spring-oxm\5.3.6\spring-oxm-5.3.6.jar;D:\Maven\localRepository\org\springframework\spring-context-support\5.3.6\spring-context-support-5.3.6.jar;D:\Maven\localRepository\io\lettuce\lettuce-core\6.0.4.RELEASE\lettuce-core-6.0.4.RELEASE.jar;D:\Maven\localRepository\io\netty\netty-common\4.1.63.Final\netty-common-4.1.63.Final.jar;D:\Maven\localRepository\io\netty\netty-handler\4.1.63.Final\netty-handler-4.1.63.Final.jar;D:\Maven\localRepository\io\netty\netty-resolver\4.1.63.Final\netty-resolver-4.1.63.Final.jar;D:\Maven\localRepository\io\netty\netty-buffer\4.1.63.Final\netty-buffer-4.1.63.Final.jar;D:\Maven\localRepository\io\netty\netty-codec\4.1.63.Final\netty-codec-4.1.63.Final.jar;D:\Maven\localRepository\io\netty\netty-transport\4.1.63.Final\netty-transport-4.1.63.Final.jar;D:\Maven\localRepository\io\projectreactor\reactor-core\3.4.5\reactor-core-3.4.5.jar;D:\Maven\localRepository\org\reactivestreams\reactive-streams\1.0.3\reactive-streams-1.0.3.jar;D:\Maven\localRepository\org\apache\commons\commons-pool2\2.9.0\commons-pool2-2.9.0.jar;D:\Maven\localRepository\org\apache\commons\commons-lang3\3.11\commons-lang3-3.11.jar;D:\Maven\localRepository\cn\afterturn\easypoi-spring-boot-starter\4.1.3\easypoi-spring-boot-starter-4.1.3.jar;D:\Maven\localRepository\cn\afterturn\easypoi-web\4.1.3\easypoi-web-4.1.3.jar;D:\Maven\localRepository\cn\afterturn\easypoi-base\4.1.3\easypoi-base-4.1.3.jar;D:\Maven\localRepository\org\apache\poi\poi\4.1.0\poi-4.1.0.jar;D:\Maven\localRepository\commons-codec\commons-codec\1.15\commons-codec-1.15.jar;D:\Maven\localRepository\org\apache\commons\commons-collections4\4.3\commons-collections4-4.3.jar;D:\Maven\localRepository\org\apache\commons\commons-math3\3.6.1\commons-math3-3.6.1.jar;D:\Maven\localRepository\org\apache\poi\poi-ooxml\4.1.0\poi-ooxml-4.1.0.jar;D:\Maven\localRepository\org\apache\commons\commons-compress\1.18\commons-compress-1.18.jar;D:\Maven\localRepository\com\github\virtuald\curvesapi\1.06\curvesapi-1.06.jar;D:\Maven\localRepository\org\apache\poi\poi-ooxml-schemas\4.1.0\poi-ooxml-schemas-4.1.0.jar;D:\Maven\localRepository\org\apache\xmlbeans\xmlbeans\3.1.0\xmlbeans-3.1.0.jar;D:\Maven\localRepository\ognl\ognl\3.2.6\ognl-3.2.6.jar;D:\Maven\localRepository\javax\validation\validation-api\2.0.1.Final\validation-api-2.0.1.Final.jar;D:\Maven\localRepository\cn\afterturn\easypoi-annotation\4.1.3\easypoi-annotation-4.1.3.jar;"/>
    <property name="sun.cpu.endian" value="little"/>
    <property name="user.home" value="C:\Users\Zy1997"/>
    <property name="user.language" value="zh"/>
    <property name="java.specification.vendor" value="Oracle Corporation"/>
    <property name="java.version.date" value="2022-03-22"/>
    <property name="java.home" value="C:\Program Files\Java\jdk1.8"/>
    <property name="file.separator" value="\"/>
    <property name="basedir" value="C:\Users\Zy1997\Desktop\yeb\yeb-server"/>
    <property name="java.vm.compressedOopsMode" value="32-bit"/>
    <property name="line.separator" value="&#10;"/>
    <property name="java.vm.specification.vendor" value="Oracle Corporation"/>
    <property name="java.specification.name" value="Java Platform API Specification"/>
    <property name="surefire.real.class.path" value="C:\Users\Zy1997\AppData\Local\Temp\surefire2529841828299379954\surefirebooter3272646584070411026.jar"/>
    <property name="user.script" value=""/>
    <property name="sun.management.compiler" value="HotSpot 64-Bit Tiered Compilers"/>
    <property name="java.runtime.version" value="18+36-2087"/>
    <property name="user.name" value="Zy1997"/>
    <property name="path.separator" value=";"/>
    <property name="os.version" value="10.0"/>
    <property name="java.runtime.name" value="Java(TM) SE Runtime Environment"/>
    <property name="file.encoding" value="UTF-8"/>
    <property name="java.vm.name" value="Java HotSpot(TM) 64-Bit Server VM"/>
    <property name="localRepository" value="D:\Maven\localRepository"/>
    <property name="java.vendor.url.bug" value="https://bugreport.java.com/bugreport/"/>
    <property name="java.io.tmpdir" value="C:\Users\Zy1997\AppData\Local\Temp\"/>
    <property name="idea.version" value="2021.2"/>
    <property name="java.version" value="18"/>
    <property name="user.dir" value="C:\Users\Zy1997\Desktop\yeb\yeb-server"/>
    <property name="os.arch" value="amd64"/>
    <property name="java.vm.specification.name" value="Java Virtual Machine Specification"/>
    <property name="sun.os.patch.level" value=""/>
    <property name="native.encoding" value="GBK"/>
    <property name="java.library.path" value="C:\Program Files\Java\jdk1.8\bin;C:\Windows\Sun\Java\bin;C:\Windows\system32;C:\Windows;C:\Program Files\Common Files\Oracle\Java\javapath;D:\VMWare\bin\;C:\Windows\system32;C:\Windows;C:\Windows\System32\Wbem;C:\Windows\System32\WindowsPowerShell\v1.0\;C:\Windows\System32\OpenSSH\;D:\Installer\Git\cmd;D:\Maven\apache-maven-3.8.2\bin;C:\Program Files\Java\jdk1.8\bin;D:\nodejs\;D:\XshellPlus7\Xshell 7\;D:\XshellPlus7\Xftp 7\;C:\Users\Zy1997\AppData\Local\Microsoft\WindowsApps;D:\Idea\IntelliJ IDEA 2021.2\bin;D:\webStorm\WebStorm 2021.2.1\bin;D:\vs code\Microsoft VS Code\bin;C:\Program Files\MySQL\MySQL Server 8.0\bin;C:\Users\Zy1997\AppData\Roaming\npm;."/>
    <property name="java.vm.info" value="mixed mode, sharing"/>
    <property name="java.vendor" value="Oracle Corporation"/>
    <property name="java.vm.version" value="18+36-2087"/>
    <property name="sun.io.unicode.encoding" value="UnicodeLittle"/>
    <property name="maven.repo.local" value="D:\Maven\localRepository"/>
    <property name="java.class.version" value="62.0"/>
  </properties>
  <testcase name="shouldAnswerWithTrue" classname="com.xxx.AppTest" time="0.009"/>
</testsuite>